<?xml version="1.0" encoding="UTF-8"?>
<testsuite xmlns:xsi="http://www.w3.org/2001/XMLSchema-instance" xsi:noNamespaceSchemaLocation="https://maven.apache.org/surefire/maven-surefire-plugin/xsd/surefire-test-report-3.0.xsd" version="3.0" name="com.stupor.zmr.ZoneManagerApplicationTests" time="8.798" tests="1" errors="0" skipped="0" failures="0">
  <properties>
[...]
</properties>
  <testcase name="contextLoads" classname="com.stupor.zmr.ZoneManagerApplicationTests" time="0.352">
    <system-out><![CDATA[
  .   ____          _            __ _ _
 /\\ / ___'_ __ _ _(_)_ __  __ _ \ \ \ \
( ( )\___ | '_ | '_| | '_ \/ _` | \ \ \ \
 \\/  ___)| |_)| | | | | || (_| |  ) ) ) )
  '  |____| .__|_| |_|_| |_\__, | / / / /
 =========|_|==============|___/=/_/_/_/

&amp#27;[32m :: Spring Boot :: &amp#27;[39m              &amp#27;[2m (v3.3.3)&amp#27;[0;39m

[INFO ] 2025-07-14 11:50:40.270 [main] c.s.z.ZoneManagerApplicationTests - Starting ZoneManagerApplicationTests using Java 17.0.15 with PID 20116 (started by exeve in C:\Users\exeve\IdeaProjects\nomad\zone-manager)
[DEBUG] 2025-07-14 11:50:40.280 [main] c.s.z.ZoneManagerApplicationTests - Running with Spring Boot v3.3.3, Spring v6.1.12
[INFO ] 2025-07-14 11:50:40.281 [main] c.s.z.ZoneManagerApplicationTests - No active profile set, falling back to 1 default profile: "default"
[WARN ] 2025-07-14 11:50:41.670 [main] o.s.c.s.PostProcessorRegistrationDelegate$BeanPostProcessorChecker - Bean 'org.springframework.cloud.client.loadbalancer.LoadBalancerAutoConfiguration$DeferringLoadBalancerInterceptorConfig' of type [org.springframework.cloud.client.loadbalancer.LoadBalancerAutoConfiguration$DeferringLoadBalancerInterceptorConfig] is not eligible for getting processed by all BeanPostProcessors (for example: not eligible for auto-proxying). The currently created BeanPostProcessor [lbRestClientPostProcessor] is declared through a non-static factory method on that class; consider declaring it as static instead.
[WARN ] 2025-07-14 11:50:41.672 [main] o.s.c.s.PostProcessorRegistrationDelegate$BeanPostProcessorChecker - Bean 'deferringLoadBalancerInterceptor' of type [org.springframework.cloud.client.loadbalancer.DeferringLoadBalancerInterceptor] is not eligible for getting processed by all BeanPostProcessors (for example: not eligible for auto-proxying). Is this bean getting eagerly injected into a currently created BeanPostProcessor [lbRestClientPostProcessor]? Check the corresponding BeanPostProcessor declaration and its dependencies.
[WARN ] 2025-07-14 11:50:47.113 [main] o.s.c.l.c.LoadBalancerCacheAutoConfiguration$LoadBalancerCaffeineWarnLogger - Spring Cloud LoadBalancer is currently working with the default cache. While this cache implementation is useful for development and tests, it's recommended to use Caffeine cache in production.You can switch to using Caffeine cache, by adding it and org.springframework.cache.caffeine.CaffeineCacheManager to the classpath.
[INFO ] 2025-07-14 11:50:47.625 [main] c.s.z.ZoneManagerApplicationTests - Started ZoneManagerApplicationTests in 7.787 seconds (process running for 8.936)
]]></system-out>
  </testcase>
</testsuite>